[03-02-2019 01:12:14:196 AM] - [INFO] - -------- Starting Application --------   8080 03-02-2019 01:12:14:194 AM
[03-02-2019 01:12:14:204 AM] - [INFO] - connected as id 2
[03-02-2019 01:51:09:743 PM] - [INFO] - -------- Starting Application --------   8080 03-02-2019 01:51:09:741 PM
[03-02-2019 01:51:09:753 PM] - [INFO] - connected as id 3
[03-02-2019 01:51:48:012 PM] - [INFO] - -------- Starting Application --------   8080 03-02-2019 01:51:48:009 PM
[03-02-2019 01:51:48:023 PM] - [INFO] - connected as id 4
[03-02-2019 01:53:03:519 PM] - [INFO] - -------- Starting Application --------   8080 03-02-2019 01:53:03:518 PM
[03-02-2019 01:53:03:533 PM] - [INFO] - connected as id 5
[03-02-2019 01:54:02:115 PM] - [INFO] - -------- Starting Application --------   8080 03-02-2019 01:54:02:113 PM
[03-02-2019 01:54:02:125 PM] - [INFO] - connected as id 6
[03-02-2019 01:57:07:658 PM] - [INFO] - -------- Starting Application --------   8080 03-02-2019 01:57:07:655 PM
[03-02-2019 01:57:07:680 PM] - [INFO] - connected as id 7
[03-02-2019 01:58:58:936 PM] - [INFO] - -------- Starting Application --------   8080 03-02-2019 01:58:58:934 PM
[03-02-2019 01:58:58:949 PM] - [INFO] - connected as id 8
[03-02-2019 01:59:21:235 PM] - [INFO] - -------- Starting Application --------   8080 03-02-2019 01:59:21:232 PM
[03-02-2019 01:59:21:255 PM] - [INFO] - connected as id 9
[03-02-2019 01:59:36:240 PM] - [INFO] - -------- Starting Application --------   8080 03-02-2019 01:59:36:237 PM
[03-02-2019 01:59:36:645 PM] - [INFO] - connected as id 10
[03-02-2019 01:59:54:444 PM] - [INFO] - -------- Starting Application --------   8080 03-02-2019 01:59:54:442 PM
[03-02-2019 01:59:54:464 PM] - [INFO] - connected as id 11
[03-02-2019 02:00:04:708 PM] - [INFO] - -------- Starting Application --------   8080 03-02-2019 02:00:04:705 PM
[03-02-2019 02:00:04:728 PM] - [INFO] - connected as id 12
[03-02-2019 02:00:14:173 PM] - [INFO] - -------- Starting Application --------   8080 03-02-2019 02:00:14:172 PM
[03-02-2019 02:00:14:186 PM] - [INFO] - connected as id 13
[03-02-2019 02:00:42:257 PM] - [INFO] - -------- Starting Application --------   8080 03-02-2019 02:00:42:255 PM
[03-02-2019 02:00:42:271 PM] - [INFO] - connected as id 14
[03-02-2019 02:01:02:583 PM] - [INFO] - -------- Starting Application --------   8080 03-02-2019 02:01:02:579 PM
[03-02-2019 02:01:02:603 PM] - [INFO] - connected as id 15
[03-02-2019 02:01:19:531 PM] - [INFO] - -------- Starting Application --------   8080 03-02-2019 02:01:19:529 PM
[03-02-2019 02:01:19:543 PM] - [INFO] - connected as id 16
[03-02-2019 02:01:39:074 PM] - [INFO] - -------- Starting Application --------   8080 03-02-2019 02:01:39:070 PM
[03-02-2019 02:01:39:094 PM] - [INFO] - connected as id 17
[03-02-2019 02:02:06:081 PM] - [INFO] - -------- Starting Application --------   8080 03-02-2019 02:02:06:079 PM
[03-02-2019 02:02:06:092 PM] - [INFO] - connected as id 18
[03-02-2019 02:02:31:078 PM] - [INFO] - -------- Starting Application --------   8080 03-02-2019 02:02:31:074 PM
[03-02-2019 02:02:31:089 PM] - [INFO] - connected as id 19
[03-02-2019 02:03:20:469 PM] - [INFO] - -------- Starting Application --------   8080 03-02-2019 02:03:20:467 PM
[03-02-2019 02:03:20:492 PM] - [INFO] - connected as id 20
[03-02-2019 02:03:48:175 PM] - [INFO] - -------- Starting Application --------   8080 03-02-2019 02:03:48:172 PM
[03-02-2019 02:03:48:190 PM] - [INFO] - connected as id 21
[03-02-2019 02:03:57:723 PM] - [INFO] - -------- Starting Application --------   8080 03-02-2019 02:03:57:721 PM
[03-02-2019 02:03:57:738 PM] - [INFO] - connected as id 22
[03-02-2019 02:04:47:246 PM] - [INFO] - -------- Starting Application --------   8080 03-02-2019 02:04:47:243 PM
[03-02-2019 02:04:47:261 PM] - [INFO] - connected as id 23
[03-02-2019 02:05:38:013 PM] - [INFO] - -------- Starting Application --------   8080 03-02-2019 02:05:38:010 PM
[03-02-2019 02:05:38:030 PM] - [INFO] - connected as id 24
[03-02-2019 02:05:53:428 PM] - [INFO] - -------- Starting Application --------   8080 03-02-2019 02:05:53:425 PM
[03-02-2019 02:05:53:445 PM] - [INFO] - connected as id 25
[03-02-2019 02:06:03:240 PM] - [INFO] - -------- Starting Application --------   8080 03-02-2019 02:06:03:238 PM
[03-02-2019 02:06:03:259 PM] - [INFO] - connected as id 26
[03-02-2019 02:07:46:871 PM] - [INFO] - -------- Starting Application --------   8080 03-02-2019 02:07:46:868 PM
[03-02-2019 02:07:46:891 PM] - [INFO] - connected as id 27
[03-02-2019 02:08:00:943 PM] - [INFO] - -------- Starting Application --------   8080 03-02-2019 02:08:00:940 PM
[03-02-2019 02:08:00:970 PM] - [INFO] - connected as id 28
[03-02-2019 02:08:46:527 PM] - [INFO] - -------- Starting Application --------   8080 03-02-2019 02:08:46:522 PM
[03-02-2019 02:08:46:549 PM] - [INFO] - connected as id 29
[03-02-2019 02:09:07:780 PM] - [INFO] - -------- Starting Application --------   8080 03-02-2019 02:09:07:778 PM
[03-02-2019 02:09:07:795 PM] - [INFO] - connected as id 30
[03-02-2019 02:09:17:601 PM] - [INFO] - -------- Starting Application --------   8080 03-02-2019 02:09:17:599 PM
[03-02-2019 02:09:17:612 PM] - [INFO] - connected as id 31
[03-02-2019 02:10:25:273 PM] - [INFO] - -------- Starting Application --------   8080 03-02-2019 02:10:25:268 PM
[03-02-2019 02:10:25:293 PM] - [INFO] - connected as id 32
[03-02-2019 02:11:02:765 PM] - [INFO] - -------- Starting Application --------   8080 03-02-2019 02:11:02:763 PM
[03-02-2019 02:11:02:783 PM] - [INFO] - connected as id 33
[03-02-2019 02:11:03:835 PM] - [INFO] - App Crashed!  resolve is not defined
[03-02-2019 02:11:03:836 PM] - [ERROR] - stack  ReferenceError: resolve is not defined
    at C:\Workspace\RestAPI\Nodejs-server\models\mongo\user.js:86:11
    at C:\Workspace\RestAPI\Nodejs-server\node_modules\mongoose\lib\model.js:4670:16
    at C:\Workspace\RestAPI\Nodejs-server\node_modules\mongoose\lib\query.js:4090:12
    at process.nextTick (C:\Workspace\RestAPI\Nodejs-server\node_modules\mongoose\lib\helpers\query\completeMany.js:35:39)
    at process._tickCallback (internal/process/next_tick.js:61:11)
[03-02-2019 02:11:03:844 PM] - [INFO] - Mail service is disabled.
[03-02-2019 02:11:04:827 PM] - [INFO] - App Crashed!  resolve is not defined
[03-02-2019 02:11:04:830 PM] - [ERROR] - stack  ReferenceError: resolve is not defined
    at C:\Workspace\RestAPI\Nodejs-server\models\mongo\user.js:86:11
    at C:\Workspace\RestAPI\Nodejs-server\node_modules\mongoose\lib\model.js:4670:16
    at C:\Workspace\RestAPI\Nodejs-server\node_modules\mongoose\lib\query.js:4090:12
    at process.nextTick (C:\Workspace\RestAPI\Nodejs-server\node_modules\mongoose\lib\helpers\query\completeMany.js:35:39)
    at process._tickCallback (internal/process/next_tick.js:61:11)
[03-02-2019 02:11:04:836 PM] - [INFO] - Mail service is disabled.
[03-02-2019 02:11:37:818 PM] - [INFO] - -------- Starting Application --------   8080 03-02-2019 02:11:37:816 PM
[03-02-2019 02:11:37:832 PM] - [INFO] - connected as id 34
[03-02-2019 02:11:38:857 PM] - [INFO] - App Crashed!  resolve is not defined
[03-02-2019 02:11:38:858 PM] - [ERROR] - stack  ReferenceError: resolve is not defined
    at C:\Workspace\RestAPI\Nodejs-server\models\mongo\user.js:86:11
    at C:\Workspace\RestAPI\Nodejs-server\node_modules\mongoose\lib\model.js:4670:16
    at C:\Workspace\RestAPI\Nodejs-server\node_modules\mongoose\lib\query.js:4090:12
    at process.nextTick (C:\Workspace\RestAPI\Nodejs-server\node_modules\mongoose\lib\helpers\query\completeMany.js:35:39)
    at process._tickCallback (internal/process/next_tick.js:61:11)
[03-02-2019 02:11:38:863 PM] - [INFO] - Mail service is disabled.
[03-02-2019 02:13:03:393 PM] - [INFO] - -------- Starting Application --------   8080 03-02-2019 02:13:03:390 PM
[03-02-2019 02:13:03:412 PM] - [INFO] - connected as id 35
[03-02-2019 02:13:04:460 PM] - [INFO] - App Crashed!  resolve is not defined
[03-02-2019 02:13:04:462 PM] - [ERROR] - stack  ReferenceError: resolve is not defined
    at C:\Workspace\RestAPI\Nodejs-server\models\mongo\user.js:86:11
    at C:\Workspace\RestAPI\Nodejs-server\node_modules\mongoose\lib\model.js:4670:16
    at C:\Workspace\RestAPI\Nodejs-server\node_modules\mongoose\lib\query.js:4090:12
    at process.nextTick (C:\Workspace\RestAPI\Nodejs-server\node_modules\mongoose\lib\helpers\query\completeMany.js:35:39)
    at process._tickCallback (internal/process/next_tick.js:61:11)
[03-02-2019 02:13:04:467 PM] - [INFO] - Mail service is disabled.
[03-02-2019 02:13:16:774 PM] - [INFO] - -------- Starting Application --------   8080 03-02-2019 02:13:16:773 PM
[03-02-2019 02:13:16:790 PM] - [INFO] - connected as id 36
[03-02-2019 02:13:17:826 PM] - [INFO] - App Crashed!  resolve is not defined
[03-02-2019 02:13:17:827 PM] - [ERROR] - stack  ReferenceError: resolve is not defined
    at C:\Workspace\RestAPI\Nodejs-server\models\mongo\user.js:86:11
    at C:\Workspace\RestAPI\Nodejs-server\node_modules\mongoose\lib\model.js:4670:16
    at C:\Workspace\RestAPI\Nodejs-server\node_modules\mongoose\lib\query.js:4090:12
    at process.nextTick (C:\Workspace\RestAPI\Nodejs-server\node_modules\mongoose\lib\helpers\query\completeMany.js:35:39)
    at process._tickCallback (internal/process/next_tick.js:61:11)
[03-02-2019 02:13:17:833 PM] - [INFO] - Mail service is disabled.
[03-02-2019 02:30:09:882 PM] - [INFO] - -------- Starting Application --------   8080 03-02-2019 02:30:09:878 PM
[03-02-2019 02:30:09:902 PM] - [INFO] - connected as id 37
[03-02-2019 02:31:03:113 PM] - [INFO] - -------- Starting Application --------   8080 03-02-2019 02:31:03:109 PM
[03-02-2019 02:31:03:137 PM] - [INFO] - connected as id 38
[03-02-2019 02:31:16:598 PM] - [INFO] - -------- Starting Application --------   8080 03-02-2019 02:31:16:594 PM
[03-02-2019 02:31:16:619 PM] - [INFO] - connected as id 39
[03-02-2019 02:32:21:430 PM] - [INFO] - -------- Starting Application --------   8080 03-02-2019 02:32:21:427 PM
[03-02-2019 02:32:21:450 PM] - [INFO] - connected as id 40
[03-02-2019 02:32:35:147 PM] - [INFO] - -------- Starting Application --------   8080 03-02-2019 02:32:35:144 PM
[03-02-2019 02:32:35:165 PM] - [INFO] - connected as id 41
[03-02-2019 02:34:18:383 PM] - [INFO] - -------- Starting Application --------   8080 03-02-2019 02:34:18:381 PM
[03-02-2019 02:34:18:396 PM] - [INFO] - connected as id 42
[03-02-2019 02:35:15:858 PM] - [INFO] - -------- Starting Application --------   8080 03-02-2019 02:35:15:855 PM
[03-02-2019 02:35:15:876 PM] - [INFO] - connected as id 43
[03-02-2019 02:43:33:457 PM] - [INFO] - -------- Starting Application --------   8080 03-02-2019 02:43:33:455 PM
[03-02-2019 02:43:33:470 PM] - [INFO] - connected as id 44
[03-02-2019 02:44:48:441 PM] - [INFO] - -------- Starting Application --------   8080 03-02-2019 02:44:48:437 PM
[03-02-2019 02:44:48:462 PM] - [INFO] - connected as id 45
[03-02-2019 02:45:04:293 PM] - [INFO] - Mail service is disabled.
[03-02-2019 03:44:37:210 PM] - [INFO] - -------- Starting Application --------   8080 03-02-2019 03:44:37:207 PM
[03-02-2019 03:44:37:232 PM] - [INFO] - connected as id 46
[03-02-2019 03:46:00:195 PM] - [INFO] - -------- Starting Application --------   8080 03-02-2019 03:46:00:191 PM
[03-02-2019 03:46:00:216 PM] - [INFO] - connected as id 47
[03-02-2019 03:46:23:758 PM] - [INFO] - -------- Starting Application --------   8080 03-02-2019 03:46:23:754 PM
[03-02-2019 03:46:23:778 PM] - [INFO] - connected as id 48
[03-02-2019 03:46:25:854 PM] - [INFO] - Mail service is disabled.
[03-02-2019 03:47:11:420 PM] - [INFO] - -------- Starting Application --------   8080 03-02-2019 03:47:11:417 PM
[03-02-2019 03:47:11:439 PM] - [INFO] - connected as id 49
[03-02-2019 03:49:33:888 PM] - [INFO] - -------- Starting Application --------   8080 03-02-2019 03:49:33:883 PM
[03-02-2019 03:49:33:904 PM] - [INFO] - connected as id 50
[03-02-2019 03:51:15:328 PM] - [INFO] - -------- Starting Application --------   8080 03-02-2019 03:51:15:325 PM
[03-02-2019 03:51:15:351 PM] - [INFO] - connected as id 51
[03-02-2019 03:52:06:267 PM] - [INFO] - -------- Starting Application --------   8080 03-02-2019 03:52:06:265 PM
[03-02-2019 03:52:06:278 PM] - [INFO] - connected as id 52
[03-02-2019 03:52:49:259 PM] - [INFO] - -------- Starting Application --------   8080 03-02-2019 03:52:49:257 PM
[03-02-2019 03:52:49:270 PM] - [INFO] - connected as id 53
[03-02-2019 03:52:58:966 PM] - [INFO] - Mail service is disabled.
[03-02-2019 03:53:28:609 PM] - [INFO] - -------- Starting Application --------   8080 03-02-2019 03:53:28:603 PM
[03-02-2019 03:53:28:637 PM] - [INFO] - connected as id 54
[03-02-2019 03:53:33:420 PM] - [INFO] - -------- Starting Application --------   8080 03-02-2019 03:53:33:417 PM
[03-02-2019 03:53:33:441 PM] - [INFO] - connected as id 55
[03-02-2019 03:55:22:217 PM] - [INFO] - -------- Starting Application --------   8080 03-02-2019 03:55:22:213 PM
[03-02-2019 03:55:22:248 PM] - [INFO] - connected as id 56
[03-02-2019 03:55:46:746 PM] - [INFO] - -------- Starting Application --------   8080 03-02-2019 03:55:46:743 PM
[03-02-2019 03:55:46:762 PM] - [INFO] - connected as id 57
[03-02-2019 03:56:35:880 PM] - [INFO] - -------- Starting Application --------   8080 03-02-2019 03:56:35:876 PM
[03-02-2019 04:01:01:736 PM] - [INFO] - -------- Starting Application --------   8080 03-02-2019 04:01:01:733 PM
[03-02-2019 04:02:50:611 PM] - [INFO] - -------- Starting Application --------   8080 03-02-2019 04:02:50:608 PM
[03-02-2019 04:04:01:075 PM] - [INFO] - -------- Starting Application --------   8080 03-02-2019 04:04:01:070 PM
[03-02-2019 04:04:26:560 PM] - [INFO] - -------- Starting Application --------   8080 03-02-2019 04:04:26:558 PM
[03-02-2019 04:04:37:481 PM] - [INFO] - -------- Starting Application --------   8080 03-02-2019 04:04:37:479 PM
[03-02-2019 04:04:58:614 PM] - [INFO] - -------- Starting Application --------   8080 03-02-2019 04:04:58:612 PM
[03-02-2019 04:05:47:122 PM] - [WARN] - User not found
[03-02-2019 04:05:47:128 PM] - [ERROR] - User login error 	{"status":400}
[03-02-2019 04:06:33:354 PM] - [INFO] - -------- Starting Application --------   8080 03-02-2019 04:06:33:352 PM
[03-02-2019 04:06:39:280 PM] - [INFO] - Mail service is disabled.
[03-02-2019 04:06:48:612 PM] - [WARN] - User not found
[03-02-2019 04:06:48:619 PM] - [ERROR] - User login error 	{"status":400}
[03-02-2019 04:07:18:646 PM] - [INFO] - -------- Starting Application --------   8080 03-02-2019 04:07:18:643 PM
[03-02-2019 04:07:18:750 PM] - [WARN] - User not found
[03-02-2019 04:07:18:758 PM] - [ERROR] - User login error 	{"status":400}
[03-02-2019 04:07:32:449 PM] - [INFO] - -------- Starting Application --------   8080 03-02-2019 04:07:32:448 PM
[03-02-2019 04:07:46:863 PM] - [INFO] - -------- Starting Application --------   8080 03-02-2019 04:07:46:862 PM
[03-02-2019 04:07:48:669 PM] - [WARN] - User not found
[03-02-2019 04:07:48:674 PM] - [ERROR] - User login error 	{"status":400}
[03-02-2019 04:08:01:810 PM] - [INFO] - -------- Starting Application --------   8080 03-02-2019 04:08:01:808 PM
[03-02-2019 04:10:44:597 PM] - [INFO] - -------- Starting Application --------   8080 03-02-2019 04:10:44:596 PM
[03-02-2019 04:10:45:838 PM] - [WARN] - User not found
[03-02-2019 04:10:45:851 PM] - [ERROR] - User login error 	{"status":400}
[03-02-2019 04:10:57:639 PM] - [INFO] - -------- Starting Application --------   8080 03-02-2019 04:10:57:635 PM
[03-02-2019 04:11:11:208 PM] - [INFO] - -------- Starting Application --------   8080 03-02-2019 04:11:11:206 PM
[03-02-2019 04:11:11:361 PM] - [WARN] - User not found
[03-02-2019 04:11:11:367 PM] - [ERROR] - User login error 	{"status":400}
[03-02-2019 04:11:52:323 PM] - [INFO] - -------- Starting Application --------   8080 03-02-2019 04:11:52:320 PM
[03-02-2019 04:12:45:030 PM] - [INFO] - -------- Starting Application --------   8080 03-02-2019 04:12:45:026 PM
[03-02-2019 04:14:24:066 PM] - [INFO] - -------- Starting Application --------   8080 03-02-2019 04:14:24:064 PM
[03-02-2019 04:14:26:934 PM] - [ERROR] - User login error 	{"status":400}
[03-02-2019 04:15:15:549 PM] - [INFO] - -------- Starting Application --------   8080 03-02-2019 04:15:15:546 PM
[03-02-2019 04:17:59:672 PM] - [INFO] - In Confirmation token 
[03-02-2019 04:18:24:092 PM] - [INFO] - -------- Starting Application --------   8080 03-02-2019 04:18:24:088 PM
[03-02-2019 04:18:41:167 PM] - [INFO] - -------- Starting Application --------   8080 03-02-2019 04:18:41:164 PM
[03-02-2019 04:18:43:332 PM] - [INFO] - In Confirmation token 
[03-02-2019 04:19:01:490 PM] - [INFO] - -------- Starting Application --------   8080 03-02-2019 04:19:01:487 PM
[03-02-2019 04:19:01:665 PM] - [INFO] - In Confirmation token 
[03-02-2019 04:19:21:390 PM] - [INFO] - -------- Starting Application --------   8080 03-02-2019 04:19:21:388 PM
[03-02-2019 04:19:37:661 PM] - [INFO] - -------- Starting Application --------   8080 03-02-2019 04:19:37:659 PM
[03-02-2019 04:19:39:572 PM] - [INFO] - In Confirmation token 
[03-02-2019 04:19:59:742 PM] - [INFO] - -------- Starting Application --------   8080 03-02-2019 04:19:59:738 PM
[03-02-2019 04:20:00:367 PM] - [INFO] - In Confirmation token 
[03-02-2019 04:20:31:079 PM] - [INFO] - -------- Starting Application --------   8080 03-02-2019 04:20:31:077 PM
[03-02-2019 04:20:34:201 PM] - [INFO] - In Confirmation token 
[03-02-2019 04:20:57:024 PM] - [INFO] - -------- Starting Application --------   8080 03-02-2019 04:20:57:020 PM
[03-02-2019 04:21:08:946 PM] - [INFO] - In Confirmation token 
[03-02-2019 04:22:26:229 PM] - [INFO] - -------- Starting Application --------   8080 03-02-2019 04:22:26:226 PM
[03-02-2019 04:22:27:896 PM] - [INFO] - In Confirmation token 
[03-02-2019 04:25:03:873 PM] - [INFO] - -------- Starting Application --------   8080 03-02-2019 04:25:03:872 PM
[03-02-2019 04:25:05:745 PM] - [INFO] - In Confirmation token 
[03-02-2019 04:25:17:892 PM] - [INFO] - -------- Starting Application --------   8080 03-02-2019 04:25:17:888 PM
[03-02-2019 04:25:45:383 PM] - [INFO] - -------- Starting Application --------   8080 03-02-2019 04:25:45:380 PM
[03-02-2019 04:25:45:638 PM] - [INFO] - In Confirmation token 
[03-02-2019 04:25:57:776 PM] - [INFO] - -------- Starting Application --------   8080 03-02-2019 04:25:57:773 PM
[03-02-2019 04:26:57:873 PM] - [INFO] - -------- Starting Application --------   8080 03-02-2019 04:26:57:870 PM
[03-02-2019 04:27:00:547 PM] - [INFO] - In Confirmation token 
[03-02-2019 04:27:57:180 PM] - [INFO] - -------- Starting Application --------   8080 03-02-2019 04:27:57:178 PM
[03-02-2019 04:27:57:714 PM] - [INFO] - In Confirmation token 
[03-02-2019 04:28:39:036 PM] - [INFO] - -------- Starting Application --------   8080 03-02-2019 04:28:39:032 PM
[03-02-2019 04:28:39:528 PM] - [INFO] - In Confirmation token 
[03-02-2019 04:29:10:059 PM] - [INFO] - -------- Starting Application --------   8080 03-02-2019 04:29:10:057 PM
[03-02-2019 04:32:01:535 PM] - [INFO] - -------- Starting Application --------   8080 03-02-2019 04:32:01:531 PM
[03-02-2019 04:32:03:359 PM] - [INFO] - In Confirmation token 
[03-02-2019 04:32:34:333 PM] - [INFO] - -------- Starting Application --------   8080 03-02-2019 04:32:34:330 PM
[03-02-2019 04:33:39:482 PM] - [INFO] - In Confirmation token 
[03-02-2019 04:34:23:663 PM] - [INFO] - -------- Starting Application --------   8080 03-02-2019 04:34:23:659 PM
[03-02-2019 04:34:23:962 PM] - [INFO] - In Confirmation token 
[03-02-2019 04:34:35:917 PM] - [INFO] - -------- Starting Application --------   8080 03-02-2019 04:34:35:914 PM
[03-02-2019 04:34:57:332 PM] - [INFO] - -------- Starting Application --------   8080 03-02-2019 04:34:57:329 PM
[03-02-2019 04:35:11:796 PM] - [INFO] - -------- Starting Application --------   8080 03-02-2019 04:35:11:794 PM
[03-02-2019 04:35:12:844 PM] - [INFO] - In Confirmation token 
[03-02-2019 04:35:12:882 PM] - [INFO] - App Crashed!  user.save is not a function
[03-02-2019 04:35:12:883 PM] - [ERROR] - stack  TypeError: user.save is not a function
    at C:\Workspace\RestAPI\Nodejs-server\models\mongo\user.js:110:19
    at C:\Workspace\RestAPI\Nodejs-server\node_modules\mongoose\lib\model.js:4670:16
    at C:\Workspace\RestAPI\Nodejs-server\node_modules\mongoose\lib\query.js:4090:12
    at cb (C:\Workspace\RestAPI\Nodejs-server\node_modules\mongoose\lib\query.js:1782:14)
    at result (C:\Workspace\RestAPI\Nodejs-server\node_modules\mongodb\lib\utils.js:414:17)
    at executeCallback (C:\Workspace\RestAPI\Nodejs-server\node_modules\mongodb\lib\utils.js:406:9)
    at handleCallback (C:\Workspace\RestAPI\Nodejs-server\node_modules\mongodb\lib\utils.js:128:55)
    at cursor.close (C:\Workspace\RestAPI\Nodejs-server\node_modules\mongodb\lib\operations\cursor_ops.js:216:62)
    at handleCallback (C:\Workspace\RestAPI\Nodejs-server\node_modules\mongodb\lib\utils.js:128:55)
    at completeClose (C:\Workspace\RestAPI\Nodejs-server\node_modules\mongodb\lib\cursor.js:893:14)
    at Cursor.close (C:\Workspace\RestAPI\Nodejs-server\node_modules\mongodb\lib\cursor.js:912:10)
    at cursor._next (C:\Workspace\RestAPI\Nodejs-server\node_modules\mongodb\lib\operations\cursor_ops.js:216:23)
    at handleCallback (C:\Workspace\RestAPI\Nodejs-server\node_modules\mongodb-core\lib\cursor.js:203:5)
    at _setCursorNotifiedImpl (C:\Workspace\RestAPI\Nodejs-server\node_modules\mongodb-core\lib\cursor.js:561:38)
    at self._endSession (C:\Workspace\RestAPI\Nodejs-server\node_modules\mongodb-core\lib\cursor.js:569:46)
    at Cursor._endSession (C:\Workspace\RestAPI\Nodejs-server\node_modules\mongodb-core\lib\cursor.js:194:5)
[03-02-2019 04:35:12:895 PM] - [INFO] - Mail service is disabled.
[03-02-2019 04:36:29:867 PM] - [INFO] - -------- Starting Application --------   8080 03-02-2019 04:36:29:866 PM
[03-02-2019 04:36:52:467 PM] - [INFO] - -------- Starting Application --------   8080 03-02-2019 04:36:52:466 PM
[03-02-2019 04:36:52:605 PM] - [INFO] - In Confirmation token 
[03-02-2019 04:36:53:588 PM] - [INFO] - App Crashed!  user.save is not a function
[03-02-2019 04:36:53:589 PM] - [ERROR] - stack  TypeError: user.save is not a function
    at C:\Workspace\RestAPI\Nodejs-server\models\mongo\user.js:110:19
    at C:\Workspace\RestAPI\Nodejs-server\node_modules\mongoose\lib\model.js:4670:16
    at C:\Workspace\RestAPI\Nodejs-server\node_modules\mongoose\lib\query.js:4090:12
    at cb (C:\Workspace\RestAPI\Nodejs-server\node_modules\mongoose\lib\query.js:1782:14)
    at result (C:\Workspace\RestAPI\Nodejs-server\node_modules\mongodb\lib\utils.js:414:17)
    at executeCallback (C:\Workspace\RestAPI\Nodejs-server\node_modules\mongodb\lib\utils.js:406:9)
    at handleCallback (C:\Workspace\RestAPI\Nodejs-server\node_modules\mongodb\lib\utils.js:128:55)
    at cursor.close (C:\Workspace\RestAPI\Nodejs-server\node_modules\mongodb\lib\operations\cursor_ops.js:216:62)
    at handleCallback (C:\Workspace\RestAPI\Nodejs-server\node_modules\mongodb\lib\utils.js:128:55)
    at completeClose (C:\Workspace\RestAPI\Nodejs-server\node_modules\mongodb\lib\cursor.js:893:14)
    at Cursor.close (C:\Workspace\RestAPI\Nodejs-server\node_modules\mongodb\lib\cursor.js:912:10)
    at cursor._next (C:\Workspace\RestAPI\Nodejs-server\node_modules\mongodb\lib\operations\cursor_ops.js:216:23)
    at handleCallback (C:\Workspace\RestAPI\Nodejs-server\node_modules\mongodb-core\lib\cursor.js:203:5)
    at _setCursorNotifiedImpl (C:\Workspace\RestAPI\Nodejs-server\node_modules\mongodb-core\lib\cursor.js:561:38)
    at self._endSession (C:\Workspace\RestAPI\Nodejs-server\node_modules\mongodb-core\lib\cursor.js:569:46)
    at Cursor._endSession (C:\Workspace\RestAPI\Nodejs-server\node_modules\mongodb-core\lib\cursor.js:194:5)
[03-02-2019 04:36:53:601 PM] - [INFO] - Mail service is disabled.
[03-02-2019 04:37:04:815 PM] - [INFO] - -------- Starting Application --------   8080 03-02-2019 04:37:04:811 PM
[03-02-2019 04:37:40:500 PM] - [INFO] - -------- Starting Application --------   8080 03-02-2019 04:37:40:496 PM
[03-02-2019 04:37:41:006 PM] - [INFO] - In Confirmation token 
[03-02-2019 04:37:41:720 PM] - [INFO] - App Crashed!  user.save is not a function
[03-02-2019 04:37:41:722 PM] - [ERROR] - stack  TypeError: user.save is not a function
    at C:\Workspace\RestAPI\Nodejs-server\models\mongo\user.js:110:19
    at C:\Workspace\RestAPI\Nodejs-server\node_modules\mongoose\lib\model.js:4670:16
    at C:\Workspace\RestAPI\Nodejs-server\node_modules\mongoose\lib\query.js:4090:12
    at cb (C:\Workspace\RestAPI\Nodejs-server\node_modules\mongoose\lib\query.js:1782:14)
    at result (C:\Workspace\RestAPI\Nodejs-server\node_modules\mongodb\lib\utils.js:414:17)
    at executeCallback (C:\Workspace\RestAPI\Nodejs-server\node_modules\mongodb\lib\utils.js:406:9)
    at handleCallback (C:\Workspace\RestAPI\Nodejs-server\node_modules\mongodb\lib\utils.js:128:55)
    at cursor.close (C:\Workspace\RestAPI\Nodejs-server\node_modules\mongodb\lib\operations\cursor_ops.js:216:62)
    at handleCallback (C:\Workspace\RestAPI\Nodejs-server\node_modules\mongodb\lib\utils.js:128:55)
    at completeClose (C:\Workspace\RestAPI\Nodejs-server\node_modules\mongodb\lib\cursor.js:893:14)
    at Cursor.close (C:\Workspace\RestAPI\Nodejs-server\node_modules\mongodb\lib\cursor.js:912:10)
    at cursor._next (C:\Workspace\RestAPI\Nodejs-server\node_modules\mongodb\lib\operations\cursor_ops.js:216:23)
    at handleCallback (C:\Workspace\RestAPI\Nodejs-server\node_modules\mongodb-core\lib\cursor.js:203:5)
    at _setCursorNotifiedImpl (C:\Workspace\RestAPI\Nodejs-server\node_modules\mongodb-core\lib\cursor.js:561:38)
    at self._endSession (C:\Workspace\RestAPI\Nodejs-server\node_modules\mongodb-core\lib\cursor.js:569:46)
    at Cursor._endSession (C:\Workspace\RestAPI\Nodejs-server\node_modules\mongodb-core\lib\cursor.js:194:5)
[03-02-2019 04:37:41:736 PM] - [INFO] - Mail service is disabled.
[03-02-2019 04:38:04:343 PM] - [INFO] - -------- Starting Application --------   8080 03-02-2019 04:38:04:339 PM
[03-02-2019 04:38:04:376 PM] - [INFO] - In Confirmation token 
[03-02-2019 04:38:51:836 PM] - [INFO] - -------- Starting Application --------   8080 03-02-2019 04:38:51:833 PM
[03-02-2019 04:38:52:090 PM] - [INFO] - In Confirmation token 
[03-02-2019 04:41:19:152 PM] - [INFO] - -------- Starting Application --------   8080 03-02-2019 04:41:19:149 PM
[03-02-2019 04:41:19:405 PM] - [INFO] - In Confirmation token 
[03-02-2019 04:41:25:345 PM] - [INFO] - In Confirmation token 
[03-02-2019 04:41:58:559 PM] - [INFO] - -------- Starting Application --------   8080 03-02-2019 04:41:58:557 PM
[03-02-2019 04:41:59:875 PM] - [INFO] - In Confirmation token 
[03-02-2019 04:42:07:054 PM] - [INFO] - In Confirmation token 
[03-02-2019 04:42:51:087 PM] - [INFO] - -------- Starting Application --------   8080 03-02-2019 04:42:51:084 PM
[03-02-2019 04:42:51:423 PM] - [INFO] - In Confirmation token 
[03-02-2019 04:43:39:151 PM] - [INFO] - -------- Starting Application --------   8080 03-02-2019 04:43:39:148 PM
[03-02-2019 04:43:57:826 PM] - [INFO] - -------- Starting Application --------   8080 03-02-2019 04:43:57:823 PM
[03-02-2019 04:43:58:101 PM] - [INFO] - In Confirmation token 
[03-02-2019 04:44:29:633 PM] - [INFO] - -------- Starting Application --------   8080 03-02-2019 04:44:29:630 PM
[03-02-2019 04:44:29:719 PM] - [INFO] - In Confirmation token 
[03-02-2019 04:44:43:755 PM] - [INFO] - -------- Starting Application --------   8080 03-02-2019 04:44:43:751 PM
[03-02-2019 04:44:44:188 PM] - [INFO] - In Confirmation token 
[03-02-2019 04:45:14:069 PM] - [INFO] - -------- Starting Application --------   8080 03-02-2019 04:45:14:066 PM
[03-02-2019 04:45:14:534 PM] - [INFO] - In Confirmation token 
[03-02-2019 04:45:32:139 PM] - [INFO] - -------- Starting Application --------   8080 03-02-2019 04:45:32:135 PM
[03-02-2019 04:45:33:007 PM] - [INFO] - In Confirmation token 
[03-02-2019 04:45:51:402 PM] - [INFO] - -------- Starting Application --------   8080 03-02-2019 04:45:51:399 PM
[03-02-2019 04:45:51:538 PM] - [INFO] - In Confirmation token 
[03-02-2019 04:46:25:475 PM] - [INFO] - -------- Starting Application --------   8080 03-02-2019 04:46:25:472 PM
[03-02-2019 04:46:25:776 PM] - [INFO] - In Confirmation token 
[03-02-2019 04:46:26:569 PM] - [INFO] - App Crashed!  user.save is not a function
[03-02-2019 04:46:26:571 PM] - [ERROR] - stack  TypeError: user.save is not a function
    at C:\Workspace\RestAPI\Nodejs-server\models\mongo\user.js:111:19
    at C:\Workspace\RestAPI\Nodejs-server\node_modules\mongoose\lib\model.js:4670:16
    at C:\Workspace\RestAPI\Nodejs-server\node_modules\mongoose\lib\query.js:4090:12
    at process.nextTick (C:\Workspace\RestAPI\Nodejs-server\node_modules\mongoose\lib\helpers\query\completeMany.js:35:39)
    at process._tickCallback (internal/process/next_tick.js:61:11)
[03-02-2019 04:46:26:575 PM] - [INFO] - Mail service is disabled.
[03-02-2019 04:46:55:418 PM] - [INFO] - -------- Starting Application --------   8080 03-02-2019 04:46:55:415 PM
[03-02-2019 04:46:55:915 PM] - [INFO] - In Confirmation token 
[03-02-2019 04:46:56:559 PM] - [INFO] - App Crashed!  user.save is not a function
[03-02-2019 04:46:56:561 PM] - [ERROR] - stack  TypeError: user.save is not a function
    at C:\Workspace\RestAPI\Nodejs-server\models\mongo\user.js:111:19
    at C:\Workspace\RestAPI\Nodejs-server\node_modules\mongoose\lib\model.js:4670:16
    at C:\Workspace\RestAPI\Nodejs-server\node_modules\mongoose\lib\query.js:4090:12
    at process.nextTick (C:\Workspace\RestAPI\Nodejs-server\node_modules\mongoose\lib\helpers\query\completeMany.js:35:39)
    at process._tickCallback (internal/process/next_tick.js:61:11)
[03-02-2019 04:46:56:567 PM] - [INFO] - Mail service is disabled.
[03-02-2019 04:47:41:637 PM] - [INFO] - -------- Starting Application --------   8080 03-02-2019 04:47:41:634 PM
[03-02-2019 04:47:41:903 PM] - [INFO] - In Confirmation token 
[03-02-2019 04:47:42:799 PM] - [INFO] - App Crashed!  user.save is not a function
[03-02-2019 04:47:42:802 PM] - [ERROR] - stack  TypeError: user.save is not a function
    at C:\Workspace\RestAPI\Nodejs-server\models\mongo\user.js:112:19
    at C:\Workspace\RestAPI\Nodejs-server\node_modules\mongoose\lib\model.js:4670:16
    at C:\Workspace\RestAPI\Nodejs-server\node_modules\mongoose\lib\query.js:4090:12
    at process.nextTick (C:\Workspace\RestAPI\Nodejs-server\node_modules\mongoose\lib\helpers\query\completeMany.js:35:39)
    at process._tickCallback (internal/process/next_tick.js:61:11)
[03-02-2019 04:47:42:806 PM] - [INFO] - Mail service is disabled.
[03-02-2019 04:47:57:984 PM] - [INFO] - -------- Starting Application --------   8080 03-02-2019 04:47:57:980 PM
[03-02-2019 04:47:58:348 PM] - [INFO] - In Confirmation token 
[03-02-2019 04:47:59:128 PM] - [INFO] - App Crashed!  user.save is not a function
[03-02-2019 04:47:59:132 PM] - [ERROR] - stack  TypeError: user.save is not a function
    at C:\Workspace\RestAPI\Nodejs-server\models\mongo\user.js:112:19
    at C:\Workspace\RestAPI\Nodejs-server\node_modules\mongoose\lib\model.js:4670:16
    at C:\Workspace\RestAPI\Nodejs-server\node_modules\mongoose\lib\query.js:4090:12
    at process.nextTick (C:\Workspace\RestAPI\Nodejs-server\node_modules\mongoose\lib\helpers\query\completeMany.js:35:39)
    at process._tickCallback (internal/process/next_tick.js:61:11)
[03-02-2019 04:47:59:135 PM] - [INFO] - Mail service is disabled.
[03-02-2019 04:50:02:005 PM] - [INFO] - -------- Starting Application --------   8080 03-02-2019 04:50:02:002 PM
[03-02-2019 04:50:46:185 PM] - [INFO] - -------- Starting Application --------   8080 03-02-2019 04:50:46:183 PM
[03-02-2019 04:50:46:275 PM] - [INFO] - In Confirmation token 
[03-02-2019 04:51:25:098 PM] - [INFO] - -------- Starting Application --------   8080 03-02-2019 04:51:25:092 PM
[03-02-2019 04:51:39:299 PM] - [INFO] - -------- Starting Application --------   8080 03-02-2019 04:51:39:296 PM
[03-02-2019 04:52:37:494 PM] - [INFO] - -------- Starting Application --------   8080 03-02-2019 04:52:37:489 PM
[03-02-2019 04:53:39:365 PM] - [INFO] - -------- Starting Application --------   8080 03-02-2019 04:53:39:360 PM
[03-02-2019 04:53:54:712 PM] - [ERROR] - User login error 	{"status":400}
[03-02-2019 04:54:01:961 PM] - [INFO] - In Confirmation token 
[03-02-2019 04:54:01:978 PM] - [ERROR] - Token Verification Error 
[03-02-2019 04:54:52:932 PM] - [ERROR] - User login error 	{"status":400}
[03-02-2019 04:55:34:037 PM] - [INFO] - -------- Starting Application --------   8080 03-02-2019 04:55:34:033 PM
[03-02-2019 04:55:35:152 PM] - [ERROR] - User login error 	{"status":400}
[03-02-2019 04:55:57:255 PM] - [INFO] - -------- Starting Application --------   8080 03-02-2019 04:55:57:252 PM
[03-02-2019 04:56:06:362 PM] - [INFO] - In Confirmation token 
[03-02-2019 04:56:06:381 PM] - [ERROR] - Token Verification Error 
[03-02-2019 04:56:16:767 PM] - [INFO] - -------- Starting Application --------   8080 03-02-2019 04:56:16:765 PM
[03-02-2019 04:59:13:030 PM] - [INFO] - App Crashed!  Cannot read property 'filename' of undefined
[03-02-2019 04:59:13:031 PM] - [ERROR] - stack  TypeError: Cannot read property 'filename' of undefined
    at C:\Workspace\RestAPI\Nodejs-server\controller\userController.js:75:37
    at Immediate.<anonymous> (C:\Workspace\RestAPI\Nodejs-server\node_modules\multer\lib\make-middleware.js:53:37)
    at runCallback (timers.js:706:11)
    at tryOnImmediate (timers.js:676:5)
    at processImmediate (timers.js:658:5)
[03-02-2019 04:59:13:033 PM] - [INFO] - Mail service is disabled.
[03-02-2019 05:00:25:832 PM] - [INFO] - In store image
[03-02-2019 05:01:55:599 PM] - [INFO] - -------- Starting Application --------   8080 03-02-2019 05:01:55:598 PM
[03-02-2019 05:02:34:537 PM] - [INFO] - -------- Starting Application --------   8080 03-02-2019 05:02:34:534 PM
[03-02-2019 05:02:34:558 PM] - [INFO] - connected as id 58
[03-02-2019 05:02:58:216 PM] - [INFO] - Mail service is disabled.
[03-02-2019 05:04:45:212 PM] - [INFO] - In Confirmation token 
[03-02-2019 05:05:06:168 PM] - [INFO] - -------- Starting Application --------   8080 03-02-2019 05:05:06:166 PM
[03-02-2019 05:05:06:180 PM] - [INFO] - connected as id 59
[03-02-2019 05:05:06:381 PM] - [INFO] - In Confirmation token 
[03-02-2019 11:04:28:316 PM] - [INFO] - -------- Starting Application --------   8080 03-02-2019 11:04:28:314 PM
[03-02-2019 11:09:53:559 PM] - [INFO] - -------- Starting Application --------   8080 03-02-2019 11:09:53:556 PM
[03-02-2019 11:11:07:297 PM] - [INFO] - -------- Starting Application --------   8080 03-02-2019 11:11:07:294 PM
[03-02-2019 11:11:11:595 PM] - [INFO] - Mail service is disabled.
[03-02-2019 11:13:45:165 PM] - [INFO] - In store image
[03-02-2019 11:17:20:006 PM] - [INFO] - -------- Starting Application --------   8080 03-02-2019 11:17:20:002 PM
[03-02-2019 11:18:12:668 PM] - [INFO] - In store image
[03-02-2019 11:19:40:847 PM] - [INFO] - -------- Starting Application --------   8080 03-02-2019 11:19:40:846 PM
[03-02-2019 11:20:42:385 PM] - [INFO] - -------- Starting Application --------   8080 03-02-2019 11:20:42:381 PM
[03-02-2019 11:21:22:661 PM] - [INFO] - In store image
[03-02-2019 11:22:30:050 PM] - [INFO] - -------- Starting Application --------   8080 03-02-2019 11:22:30:046 PM
[03-02-2019 11:24:14:067 PM] - [INFO] - In store image
[03-02-2019 11:53:23:477 PM] - [INFO] - -------- Starting Application --------   8080 03-02-2019 11:53:23:473 PM
